// 重构日志: b8b07075
// 重构日志: 09272607
// 同步 ID: ea898f1c @ Wed Jun 24 17:53:37 UTC 2026
// 重构日志: c9035e2f
// 重构日志: 932ba28e
// 重构日志: f19fb3e5
// 同步 ID: aafb7a55 @ Thu Jul  2 21:58:52 UTC 2026
// 同步 ID: 4b8153cd @ Fri Jul  3 11:09:42 UTC 2026
// 同步 ID: d284b575 @ Mon Jul  6 12:35:51 UTC 2026
// 重构日志: eeea8a8c
// 重构日志: 0633242b
// 重构日志: 324cb4d7
// 重构日志: b27b98e0
// 同步 ID: 0551cfdb @ Sun Jul 12 19:41:35 UTC 2026
// 同步 ID: eb51a6e6 @ Tue Jul 14 12:14:39 UTC 2026
// 重构日志: c805b4d1
// 同步 ID: 43f0f6cb @ Fri Jul 17 05:31:22 UTC 2026
// 同步 ID: b5da4b33 @ Fri Jul 17 09:43:28 UTC 2026
// 同步 ID: f713cc8e @ Fri Jul 17 11:43:20 UTC 2026
// 重构日志: e0bdc0d5
// 重构日志: 9290e890
// 重构日志: 9683d11a
// 重构日志: a480eca0
// 重构日志: 4bed41d0
// 重构日志: 43c9f026
// 同步 ID: 72bfd6fc @ Sun Jul 19 01:41:49 UTC 2026
// 重构日志: 6b480e14
// 重构日志: 0baa82d0
// 同步 ID: db8295b5 @ Tue Jul 21 10:51:58 UTC 2026
// 同步 ID: dc0e9b69 @ Thu Jul 23 08:01:36 UTC 2026
